<?xml version="1.0" encoding="UTF-8"?>
<!-- Generated by org.testng.reporters.JUnitReportReporter -->
<testsuite hostname="LAPTOP-1S53FNRU" failures="0" tests="1" name="TestPackage.TestTittle" time="9.967" errors="0" timestamp="2020-09-08T20:08:39 IST" skipped="0">
  <testcase classname="TestPackage.TestTittle" name="TittleTest" time="9.967"/>
  <system-out/>
</testsuite> <!-- TestPackage.TestTittle -->
